<?xml version="1.0" encoding="UTF-8"?>
<testsuite xmlns:xsi="http://www.w3.org/2001/XMLSchema-instance" xsi:noNamespaceSchemaLocation="https://maven.apache.org/surefire/maven-surefire-plugin/xsd/surefire-test-report.xsd" name="com.bjpowernode.AppTest" time="0.06" tests="1" errors="0" skipped="0" failures="0">
  <properties>
    <property name="sun.desktop" value="windows"/>
    <property name="awt.toolkit" value="sun.awt.windows.WToolkit"/>
    <property name="file.encoding.pkg" value="sun.io"/>
    <property name="java.specification.version" value="1.8"/>
    <property name="sun.cpu.isalist" value="amd64"/>
    <property name="sun.jnu.encoding" value="GBK"/>
    <property name="java.class.path" value="D:\Course\new客户关系管理系统2021\10 Redis\code\redis\target\test-classes;D:\Course\new客户关系管理系统2021\10 Redis\code\redis\target\classes;D:\mavenrepository\repository\junit\junit\4.11\junit-4.11.jar;D:\mavenrepository\repository\org\hamcrest\hamcrest-core\1.3\hamcrest-core-1.3.jar;D:\mavenrepository\repository\redis\clients\jedis\2.9.3\jedis-2.9.3.jar;D:\mavenrepository\repository\org\slf4j\slf4j-api\1.7.22\slf4j-api-1.7.22.jar;D:\mavenrepository\repository\org\apache\commons\commons-pool2\2.4.3\commons-pool2-2.4.3.jar;"/>
    <property name="java.vm.vendor" value="Oracle Corporation"/>
    <property name="sun.arch.data.model" value="64"/>
    <property name="user.variant" value=""/>
    <property name="java.vendor.url" value="http://java.oracle.com/"/>
    <property name="user.timezone" value="Asia/Shanghai"/>
    <property name="java.vm.specification.version" value="1.8"/>
    <property name="os.name" value="Windows 10"/>
    <property name="user.country" value="CN"/>
    <property name="sun.java.launcher" value="SUN_STANDARD"/>
    <property name="sun.boot.library.path" value="C:\Program Files\Java\jdk1.8.0_101\jre\bin"/>
    <property name="sun.java.command" value="C:\Users\张先超\AppData\Local\Temp\surefire846563710575769002\surefirebooter5206592251659164172.jar C:\Users\张先超\AppData\Local\Temp\surefire846563710575769002 2021-06-11T14-01-33_163-jvmRun1 surefire6921081673358332720tmp surefire_06490212772610341937tmp"/>
    <property name="surefire.test.class.path" value="D:\Course\new客户关系管理系统2021\10 Redis\code\redis\target\test-classes;D:\Course\new客户关系管理系统2021\10 Redis\code\redis\target\classes;D:\mavenrepository\repository\junit\junit\4.11\junit-4.11.jar;D:\mavenrepository\repository\org\hamcrest\hamcrest-core\1.3\hamcrest-core-1.3.jar;D:\mavenrepository\repository\redis\clients\jedis\2.9.3\jedis-2.9.3.jar;D:\mavenrepository\repository\org\slf4j\slf4j-api\1.7.22\slf4j-api-1.7.22.jar;D:\mavenrepository\repository\org\apache\commons\commons-pool2\2.4.3\commons-pool2-2.4.3.jar;"/>
    <property name="sun.cpu.endian" value="little"/>
    <property name="user.home" value="C:\Users\张先超"/>
    <property name="user.language" value="zh"/>
    <property name="java.specification.vendor" value="Oracle Corporation"/>
    <property name="java.home" value="C:\Program Files\Java\jdk1.8.0_101\jre"/>
    <property name="basedir" value="D:\Course\new客户关系管理系统2021\10 Redis\code\redis"/>
    <property name="file.separator" value="\"/>
    <property name="line.separator" value="&#10;"/>
    <property name="java.vm.specification.vendor" value="Oracle Corporation"/>
    <property name="java.specification.name" value="Java Platform API Specification"/>
    <property name="java.awt.graphicsenv" value="sun.awt.Win32GraphicsEnvironment"/>
    <property name="surefire.real.class.path" value="C:\Users\张先超\AppData\Local\Temp\surefire846563710575769002\surefirebooter5206592251659164172.jar"/>
    <property name="sun.boot.class.path" value="C:\Program Files\Java\jdk1.8.0_101\jre\lib\resources.jar;C:\Program Files\Java\jdk1.8.0_101\jre\lib\rt.jar;C:\Program Files\Java\jdk1.8.0_101\jre\lib\sunrsasign.jar;C:\Program Files\Java\jdk1.8.0_101\jre\lib\jsse.jar;C:\Program Files\Java\jdk1.8.0_101\jre\lib\jce.jar;C:\Program Files\Java\jdk1.8.0_101\jre\lib\charsets.jar;C:\Program Files\Java\jdk1.8.0_101\jre\lib\jfr.jar;C:\Program Files\Java\jdk1.8.0_101\jre\classes"/>
    <property name="user.script" value=""/>
    <property name="sun.management.compiler" value="HotSpot 64-Bit Tiered Compilers"/>
    <property name="java.runtime.version" value="1.8.0_101-b13"/>
    <property name="user.name" value="张先超"/>
    <property name="path.separator" value=";"/>
    <property name="os.version" value="10.0"/>
    <property name="java.endorsed.dirs" value="C:\Program Files\Java\jdk1.8.0_101\jre\lib\endorsed"/>
    <property name="java.runtime.name" value="Java(TM) SE Runtime Environment"/>
    <property name="file.encoding" value="GBK"/>
    <property name="java.vm.name" value="Java HotSpot(TM) 64-Bit Server VM"/>
    <property name="localRepository" value="D:\mavenrepository\repository"/>
    <property name="java.vendor.url.bug" value="http://bugreport.sun.com/bugreport/"/>
    <property name="java.io.tmpdir" value="C:\Users\张先超\AppData\Local\Temp\"/>
    <property name="idea.version" value="2018.3.3"/>
    <property name="java.version" value="1.8.0_101"/>
    <property name="user.dir" value="D:\Course\new客户关系管理系统2021\10 Redis\code\redis"/>
    <property name="os.arch" value="amd64"/>
    <property name="java.vm.specification.name" value="Java Virtual Machine Specification"/>
    <property name="java.awt.printerjob" value="sun.awt.windows.WPrinterJob"/>
    <property name="sun.os.patch.level" value=""/>
    <property name="java.library.path" value="C:\Program Files\Java\jdk1.8.0_101\jre\bin;C:\WINDOWS\Sun\Java\bin;C:\WINDOWS\system32;C:\WINDOWS;C:\ProgramData\Oracle\Java\javapath;C:\WINDOWS\system32;C:\WINDOWS;C:\WINDOWS\System32\Wbem;C:\WINDOWS\System32\WindowsPowerShell\v1.0\;C:\WINDOWS\System32\OpenSSH\;C:\Program Files (x86)\Java\jdk1.8.0_101\bin;C:\Program Files (x86)\MySQL\MySQL Server 5.5\bin\bin;C:\Program Files (x86)\MySQL\MySQL Server 5.5\bin;D:\apache-tomcat-9.0.43-windows-x64\tomcat9\lib\;D:\apache-tomcat-9.0.43-windows-x64\tomcat9\bin\;D:\apache-maven-3.3.9-bin\apache-maven-3.3.9\bin;C:\Users\张先超\AppData\Local\Microsoft\WindowsApps;;."/>
    <property name="java.vm.info" value="mixed mode"/>
    <property name="java.vendor" value="Oracle Corporation"/>
    <property name="java.vm.version" value="25.101-b13"/>
    <property name="java.ext.dirs" value="C:\Program Files\Java\jdk1.8.0_101\jre\lib\ext;C:\WINDOWS\Sun\Java\lib\ext"/>
    <property name="sun.io.unicode.encoding" value="UnicodeLittle"/>
    <property name="maven.repo.local" value="D:\mavenrepository\repository"/>
    <property name="java.class.version" value="52.0"/>
  </properties>
  <testcase name="shouldAnswerWithTrue" classname="com.bjpowernode.AppTest" time="0.003"/>
</testsuite>